21:22:36,234 (main) INFO  [DataNucleus.Enhancer] - DataNucleus Enhancer (version 4.1.17) for API "JDO"
21:22:36,336 (main) WARN  [DataNucleus.MetaData] - Metadata has jdbc-type of null yet this is not valid. Ignored
21:22:36,336 (main) WARN  [DataNucleus.MetaData] - Metadata has jdbc-type of null yet this is not valid. Ignored
21:22:36,337 (main) WARN  [DataNucleus.MetaData] - Metadata has jdbc-type of null yet this is not valid. Ignored
21:22:36,337 (main) WARN  [DataNucleus.MetaData] - Metadata has jdbc-type of null yet this is not valid. Ignored
21:22:36,337 (main) WARN  [DataNucleus.MetaData] - Metadata has jdbc-type of null yet this is not valid. Ignored
21:22:36,337 (main) WARN  [DataNucleus.MetaData] - Metadata has jdbc-type of null yet this is not valid. Ignored
21:22:36,435 (main) INFO  [DataNucleus.Enhancer] - Writing class file "/home/forsre/git/apache-hive-3.1.2-src/standalone-metastore/target/classes/org/apache/hadoop/hive/metastore/model/MDatabase.class" with enhanced definition
21:22:36,438 (main) INFO  [DataNucleus.Enhancer] - Writing class file "/home/forsre/git/apache-hive-3.1.2-src/standalone-metastore/target/classes/org/apache/hadoop/hive/metastore/model/MCatalog.class" with enhanced definition
21:22:36,440 (main) INFO  [DataNucleus.Enhancer] - Writing class file "/home/forsre/git/apache-hive-3.1.2-src/standalone-metastore/target/classes/org/apache/hadoop/hive/metastore/model/MFieldSchema.class" with enhanced definition
21:22:36,443 (main) INFO  [DataNucleus.Enhancer] - Writing class file "/home/forsre/git/apache-hive-3.1.2-src/standalone-metastore/target/classes/org/apache/hadoop/hive/metastore/model/MType.class" with enhanced definition
21:22:36,446 (main) INFO  [DataNucleus.Enhancer] - Writing class file "/home/forsre/git/apache-hive-3.1.2-src/standalone-metastore/target/classes/org/apache/hadoop/hive/metastore/model/MTable.class" with enhanced definition
21:22:36,449 (main) INFO  [DataNucleus.Enhancer] - Writing class file "/home/forsre/git/apache-hive-3.1.2-src/standalone-metastore/target/classes/org/apache/hadoop/hive/metastore/model/MCreationMetadata.class" with enhanced definition
21:22:36,452 (main) INFO  [DataNucleus.Enhancer] - Writing class file "/home/forsre/git/apache-hive-3.1.2-src/standalone-metastore/target/classes/org/apache/hadoop/hive/metastore/model/MConstraint.class" with enhanced definition
21:22:36,455 (main) INFO  [DataNucleus.Enhancer] - Writing class file "/home/forsre/git/apache-hive-3.1.2-src/standalone-metastore/target/classes/org/apache/hadoop/hive/metastore/model/MSerDeInfo.class" with enhanced definition
21:22:36,457 (main) INFO  [DataNucleus.Enhancer] - Writing class file "/home/forsre/git/apache-hive-3.1.2-src/standalone-metastore/target/classes/org/apache/hadoop/hive/metastore/model/MOrder.class" with enhanced definition
21:22:36,458 (main) INFO  [DataNucleus.Enhancer] - Writing class file "/home/forsre/git/apache-hive-3.1.2-src/standalone-metastore/target/classes/org/apache/hadoop/hive/metastore/model/MColumnDescriptor.class" with enhanced definition
21:22:36,459 (main) INFO  [DataNucleus.Enhancer] - Writing class file "/home/forsre/git/apache-hive-3.1.2-src/standalone-metastore/target/classes/org/apache/hadoop/hive/metastore/model/MStringList.class" with enhanced definition
21:22:36,463 (main) INFO  [DataNucleus.Enhancer] - Writing class file "/home/forsre/git/apache-hive-3.1.2-src/standalone-metastore/target/classes/org/apache/hadoop/hive/metastore/model/MStorageDescriptor.class" with enhanced definition
21:22:36,465 (main) INFO  [DataNucleus.Enhancer] - Writing class file "/home/forsre/git/apache-hive-3.1.2-src/standalone-metastore/target/classes/org/apache/hadoop/hive/metastore/model/MPartition.class" with enhanced definition
21:22:36,467 (main) INFO  [DataNucleus.Enhancer] - Writing class file "/home/forsre/git/apache-hive-3.1.2-src/standalone-metastore/target/classes/org/apache/hadoop/hive/metastore/model/MIndex.class" with enhanced definition
21:22:36,469 (main) INFO  [DataNucleus.Enhancer] - Writing class file "/home/forsre/git/apache-hive-3.1.2-src/standalone-metastore/target/classes/org/apache/hadoop/hive/metastore/model/MRole.class" with enhanced definition
21:22:36,471 (main) INFO  [DataNucleus.Enhancer] - Writing class file "/home/forsre/git/apache-hive-3.1.2-src/standalone-metastore/target/classes/org/apache/hadoop/hive/metastore/model/MRoleMap.class" with enhanced definition
21:22:36,473 (main) INFO  [DataNucleus.Enhancer] - Writing class file "/home/forsre/git/apache-hive-3.1.2-src/standalone-metastore/target/classes/org/apache/hadoop/hive/metastore/model/MGlobalPrivilege.class" with enhanced definition
21:22:36,475 (main) INFO  [DataNucleus.Enhancer] - Writing class file "/home/forsre/git/apache-hive-3.1.2-src/standalone-metastore/target/classes/org/apache/hadoop/hive/metastore/model/MDBPrivilege.class" with enhanced definition
21:22:36,477 (main) INFO  [DataNucleus.Enhancer] - Writing class file "/home/forsre/git/apache-hive-3.1.2-src/standalone-metastore/target/classes/org/apache/hadoop/hive/metastore/model/MTablePrivilege.class" with enhanced definition
21:22:36,480 (main) INFO  [DataNucleus.Enhancer] - Writing class file "/home/forsre/git/apache-hive-3.1.2-src/standalone-metastore/target/classes/org/apache/hadoop/hive/metastore/model/MPartitionPrivilege.class" with enhanced definition
21:22:36,482 (main) INFO  [DataNucleus.Enhancer] - Writing class file "/home/forsre/git/apache-hive-3.1.2-src/standalone-metastore/target/classes/org/apache/hadoop/hive/metastore/model/MTableColumnPrivilege.class" with enhanced definition
21:22:36,484 (main) INFO  [DataNucleus.Enhancer] - Writing class file "/home/forsre/git/apache-hive-3.1.2-src/standalone-metastore/target/classes/org/apache/hadoop/hive/metastore/model/MPartitionColumnPrivilege.class" with enhanced definition
21:22:36,486 (main) INFO  [DataNucleus.Enhancer] - Writing class file "/home/forsre/git/apache-hive-3.1.2-src/standalone-metastore/target/classes/org/apache/hadoop/hive/metastore/model/MPartitionEvent.class" with enhanced definition
21:22:36,487 (main) INFO  [DataNucleus.Enhancer] - Writing class file "/home/forsre/git/apache-hive-3.1.2-src/standalone-metastore/target/classes/org/apache/hadoop/hive/metastore/model/MMasterKey.class" with enhanced definition
21:22:36,488 (main) INFO  [DataNucleus.Enhancer] - Writing class file "/home/forsre/git/apache-hive-3.1.2-src/standalone-metastore/target/classes/org/apache/hadoop/hive/metastore/model/MDelegationToken.class" with enhanced definition
21:22:36,492 (main) INFO  [DataNucleus.Enhancer] - Writing class file "/home/forsre/git/apache-hive-3.1.2-src/standalone-metastore/target/classes/org/apache/hadoop/hive/metastore/model/MTableColumnStatistics.class" with enhanced definition
21:22:36,496 (main) INFO  [DataNucleus.Enhancer] - Writing class file "/home/forsre/git/apache-hive-3.1.2-src/standalone-metastore/target/classes/org/apache/hadoop/hive/metastore/model/MPartitionColumnStatistics.class" with enhanced definition
21:22:36,497 (main) INFO  [DataNucleus.Enhancer] - Writing class file "/home/forsre/git/apache-hive-3.1.2-src/standalone-metastore/target/classes/org/apache/hadoop/hive/metastore/model/MVersionTable.class" with enhanced definition
21:22:36,498 (main) INFO  [DataNucleus.Enhancer] - Writing class file "/home/forsre/git/apache-hive-3.1.2-src/standalone-metastore/target/classes/org/apache/hadoop/hive/metastore/model/MMetastoreDBProperties.class" with enhanced definition
21:22:36,499 (main) INFO  [DataNucleus.Enhancer] - Writing class file "/home/forsre/git/apache-hive-3.1.2-src/standalone-metastore/target/classes/org/apache/hadoop/hive/metastore/model/MResourceUri.class" with enhanced definition
21:22:36,501 (main) INFO  [DataNucleus.Enhancer] - Writing class file "/home/forsre/git/apache-hive-3.1.2-src/standalone-metastore/target/classes/org/apache/hadoop/hive/metastore/model/MFunction.class" with enhanced definition
21:22:36,503 (main) INFO  [DataNucleus.Enhancer] - Writing class file "/home/forsre/git/apache-hive-3.1.2-src/standalone-metastore/target/classes/org/apache/hadoop/hive/metastore/model/MNotificationLog.class" with enhanced definition
21:22:36,504 (main) INFO  [DataNucleus.Enhancer] - Writing class file "/home/forsre/git/apache-hive-3.1.2-src/standalone-metastore/target/classes/org/apache/hadoop/hive/metastore/model/MNotificationNextId.class" with enhanced definition
21:22:36,506 (main) INFO  [DataNucleus.Enhancer] - Writing class file "/home/forsre/git/apache-hive-3.1.2-src/standalone-metastore/target/classes/org/apache/hadoop/hive/metastore/model/MWMResourcePlan.class" with enhanced definition
21:22:36,507 (main) INFO  [DataNucleus.Enhancer] - Writing class file "/home/forsre/git/apache-hive-3.1.2-src/standalone-metastore/target/classes/org/apache/hadoop/hive/metastore/model/MWMPool.class" with enhanced definition
21:22:36,509 (main) INFO  [DataNucleus.Enhancer] - Writing class file "/home/forsre/git/apache-hive-3.1.2-src/standalone-metastore/target/classes/org/apache/hadoop/hive/metastore/model/MWMTrigger.class" with enhanced definition
21:22:36,510 (main) INFO  [DataNucleus.Enhancer] - Writing class file "/home/forsre/git/apache-hive-3.1.2-src/standalone-metastore/target/classes/org/apache/hadoop/hive/metastore/model/MWMMapping.class" with enhanced definition
21:22:36,512 (main) INFO  [DataNucleus.Enhancer] - Writing class file "/home/forsre/git/apache-hive-3.1.2-src/standalone-metastore/target/classes/org/apache/hadoop/hive/metastore/model/MISchema.class" with enhanced definition
21:22:36,513 (main) INFO  [DataNucleus.Enhancer] - Writing class file "/home/forsre/git/apache-hive-3.1.2-src/standalone-metastore/target/classes/org/apache/hadoop/hive/metastore/model/MSchemaVersion.class" with enhanced definition
21:22:36,514 (main) INFO  [DataNucleus.Enhancer] - Writing class file "/home/forsre/git/apache-hive-3.1.2-src/standalone-metastore/target/classes/org/apache/hadoop/hive/metastore/model/MRuntimeStat.class" with enhanced definition
21:22:36,515 (main) INFO  [DataNucleus.Enhancer] - DataNucleus Enhancer completed with success for 40 classes.
